

times in msec
 clock   self+sourced   self:  sourced script
 clock   elapsed:              other lines

000.008  000.008: --- VIM STARTING ---
001.130  001.122: Allocated generic buffers
001.331  000.201: locale set
001.676  000.345: GUI prepared
002.055  000.379: clipboard setup
002.079  000.024: window checked
006.715  004.636: inits 1
006.737  000.022: parsing arguments
013.391  006.654: expanding arguments
017.559  004.168: shell init
018.385  000.826: Termcap init
018.445  000.060: inits 2
022.179  003.734: init highlight
022.792  000.175  000.175: sourcing $VIM/vimrc
024.256  000.555  000.555: sourcing /usr/local/Cellar/macvim/HEAD/MacVim.app/Contents/Resources/vim/runtime/ftoff.vim
027.672  003.057  003.057: sourcing /Users/dmotylev/.vim/autoload/plug.vim
031.293  000.027  000.027: sourcing /usr/local/Cellar/macvim/HEAD/MacVim.app/Contents/Resources/vim/runtime/ftoff.vim
033.745  000.166  000.166: sourcing /Users/dmotylev/.vim/filetype.vim
057.409  000.146  000.146: sourcing /Users/dmotylev/.vim/plugged/ultisnips/ftdetect/snippets.vim
057.764  000.093  000.093: sourcing /Users/dmotylev/.vim/plugged/ultisnips/ftdetect/UltiSnips.vim
058.322  000.165  000.165: sourcing /Users/dmotylev/.vim/plugged/vim-go/ftdetect/gofiletype.vim
059.178  000.236  000.236: sourcing /Users/dmotylev/.vim/plugged/scss-syntax.vim/ftdetect/scss.vim
061.378  000.423  000.423: sourcing /Users/dmotylev/.vim/plugged/vim-ansible-yaml/ftdetect/ansible.vim
062.597  000.177  000.177: sourcing /Users/dmotylev/.vim/plugged/vim-less/ftdetect/less.vim
063.305  000.324  000.324: sourcing /Users/dmotylev/.vim/plugged/Vim-Jinja2-Syntax/ftdetect/jinja.vim
063.896  000.132  000.132: sourcing /Users/dmotylev/.vim/plugged/vim-tmux/ftdetect/tmux.vim
064.523  000.222  000.222: sourcing /Users/dmotylev/.vim/plugged/todo.txt-vim/ftdetect/todo.vim
064.817  030.410  028.492: sourcing /usr/local/Cellar/macvim/HEAD/MacVim.app/Contents/Resources/vim/runtime/filetype.vim
065.693  000.094  000.094: sourcing /usr/local/Cellar/macvim/HEAD/MacVim.app/Contents/Resources/vim/runtime/ftplugin.vim
068.125  000.114  000.114: sourcing /usr/local/Cellar/macvim/HEAD/MacVim.app/Contents/Resources/vim/runtime/indent.vim
070.113  000.415  000.415: sourcing /usr/local/Cellar/macvim/HEAD/MacVim.app/Contents/Resources/vim/runtime/syntax/syncolor.vim
070.312  001.094  000.679: sourcing /usr/local/Cellar/macvim/HEAD/MacVim.app/Contents/Resources/vim/runtime/syntax/synload.vim
070.359  001.751  000.657: sourcing /usr/local/Cellar/macvim/HEAD/MacVim.app/Contents/Resources/vim/runtime/syntax/syntax.vim
071.133  000.364  000.364: sourcing /usr/local/Cellar/macvim/HEAD/MacVim.app/Contents/Resources/vim/runtime/syntax/nosyntax.vim
071.995  000.307  000.307: sourcing /usr/local/Cellar/macvim/HEAD/MacVim.app/Contents/Resources/vim/runtime/syntax/syncolor.vim
072.149  000.722  000.415: sourcing /usr/local/Cellar/macvim/HEAD/MacVim.app/Contents/Resources/vim/runtime/syntax/synload.vim
072.190  001.750  000.664: sourcing /usr/local/Cellar/macvim/HEAD/MacVim.app/Contents/Resources/vim/runtime/syntax/syntax.vim
072.929  000.632  000.632: sourcing /Users/dmotylev/.vim/filetype.vim
073.167  000.021  000.021: sourcing /usr/local/Cellar/macvim/HEAD/MacVim.app/Contents/Resources/vim/runtime/filetype.vim
073.433  000.017  000.017: sourcing /usr/local/Cellar/macvim/HEAD/MacVim.app/Contents/Resources/vim/runtime/ftplugin.vim
073.694  000.016  000.016: sourcing /usr/local/Cellar/macvim/HEAD/MacVim.app/Contents/Resources/vim/runtime/indent.vim
075.884  000.377  000.377: sourcing /usr/local/Cellar/macvim/HEAD/MacVim.app/Contents/Resources/vim/runtime/syntax/syncolor.vim
091.522  000.355  000.355: sourcing /usr/local/Cellar/macvim/HEAD/MacVim.app/Contents/Resources/vim/runtime/syntax/syncolor.vim
092.279  000.331  000.331: sourcing /usr/local/Cellar/macvim/HEAD/MacVim.app/Contents/Resources/vim/runtime/syntax/syncolor.vim
125.316  050.435  049.372: sourcing /Users/dmotylev/.vim/plugged/jellybeans.vim/colors/jellybeans.vim
125.592  102.392  013.347: sourcing $HOME/.vimrc
125.600  000.854: sourcing vimrc file(s)
126.779  000.562  000.562: sourcing /Users/dmotylev/.vim/plugged/vim-obsession/plugin/obsession.vim
128.852  000.351  000.351: sourcing /Users/dmotylev/.vim/plugged/ultisnips/autoload/UltiSnips/map_keys.vim
129.106  001.499  001.148: sourcing /Users/dmotylev/.vim/plugged/ultisnips/plugin/UltiSnips.vim
130.548  000.667  000.667: sourcing /Users/dmotylev/.vim/plugged/vim-go/plugin/go.vim
132.349  001.056  001.056: sourcing /Users/dmotylev/.vim/plugged/YouCompleteMe/plugin/youcompleteme.vim
133.570  000.353  000.353: sourcing /Users/dmotylev/.vim/plugged/ctrlp.vim/autoload/ctrlp/mrufiles.vim
133.845  001.058  000.705: sourcing /Users/dmotylev/.vim/plugged/ctrlp.vim/plugin/ctrlp.vim
135.619  000.444  000.444: sourcing /Users/dmotylev/.vim/plugged/nerdtree/autoload/nerdtree.vim
138.243  001.211  001.211: sourcing /Users/dmotylev/.vim/plugged/nerdtree/lib/nerdtree/path.vim
138.925  000.364  000.364: sourcing /Users/dmotylev/.vim/plugged/nerdtree/lib/nerdtree/menu_controller.vim
139.368  000.160  000.160: sourcing /Users/dmotylev/.vim/plugged/nerdtree/lib/nerdtree/menu_item.vim
140.012  000.328  000.328: sourcing /Users/dmotylev/.vim/plugged/nerdtree/lib/nerdtree/key_map.vim
140.755  000.474  000.474: sourcing /Users/dmotylev/.vim/plugged/nerdtree/lib/nerdtree/bookmark.vim
141.611  000.598  000.598: sourcing /Users/dmotylev/.vim/plugged/nerdtree/lib/nerdtree/tree_file_node.vim
142.586  000.718  000.718: sourcing /Users/dmotylev/.vim/plugged/nerdtree/lib/nerdtree/tree_dir_node.vim
143.313  000.474  000.474: sourcing /Users/dmotylev/.vim/plugged/nerdtree/lib/nerdtree/opener.vim
144.082  000.515  000.515: sourcing /Users/dmotylev/.vim/plugged/nerdtree/lib/nerdtree/creator.vim
144.444  000.103  000.103: sourcing /Users/dmotylev/.vim/plugged/nerdtree/lib/nerdtree/flag_set.vim
144.873  000.174  000.174: sourcing /Users/dmotylev/.vim/plugged/nerdtree/lib/nerdtree/nerdtree.vim
145.762  000.643  000.643: sourcing /Users/dmotylev/.vim/plugged/nerdtree/lib/nerdtree/ui.vim
146.072  000.059  000.059: sourcing /Users/dmotylev/.vim/plugged/nerdtree/lib/nerdtree/event.vim
146.428  000.104  000.104: sourcing /Users/dmotylev/.vim/plugged/nerdtree/lib/nerdtree/notifier.vim
147.687  000.893  000.893: sourcing /Users/dmotylev/.vim/plugged/nerdtree/autoload/nerdtree/ui_glue.vim
171.001  000.192  000.192: sourcing /Users/dmotylev/.vim/plugged/nerdtree/nerdtree_plugin/exec_menuitem.vim
172.302  000.947  000.947: sourcing /Users/dmotylev/.vim/plugged/nerdtree/nerdtree_plugin/fs_menu.vim
172.900  038.607  030.206: sourcing /Users/dmotylev/.vim/plugged/nerdtree/plugin/NERD_tree.vim
176.422  003.019  003.019: sourcing /Users/dmotylev/.vim/plugged/emmet-vim/plugin/emmet.vim
177.437  000.395  000.395: sourcing /Users/dmotylev/.vim/plugged/lightline.vim/plugin/lightline.vim
183.490  005.442  005.442: sourcing /Users/dmotylev/.vim/plugged/vim-fugitive/plugin/fugitive.vim
184.515  000.486  000.486: sourcing /Users/dmotylev/.vim/plugged/vim-signify/plugin/signify.vim
187.120  001.980  001.980: sourcing /Users/dmotylev/.vim/plugged/tagbar/plugin/tagbar.vim
188.258  000.072  000.072: sourcing /Users/dmotylev/.vim/plugged/syntastic/plugin/syntastic/autoloclist.vim
188.567  000.061  000.061: sourcing /Users/dmotylev/.vim/plugged/syntastic/plugin/syntastic/balloons.vim
188.813  000.060  000.060: sourcing /Users/dmotylev/.vim/plugged/syntastic/plugin/syntastic/checker.vim
189.164  000.064  000.064: sourcing /Users/dmotylev/.vim/plugged/syntastic/plugin/syntastic/cursor.vim
189.395  000.053  000.053: sourcing /Users/dmotylev/.vim/plugged/syntastic/plugin/syntastic/highlighting.vim
189.692  000.065  000.065: sourcing /Users/dmotylev/.vim/plugged/syntastic/plugin/syntastic/loclist.vim
189.998  000.068  000.068: sourcing /Users/dmotylev/.vim/plugged/syntastic/plugin/syntastic/modemap.vim
190.242  000.058  000.058: sourcing /Users/dmotylev/.vim/plugged/syntastic/plugin/syntastic/notifiers.vim
190.480  000.056  000.056: sourcing /Users/dmotylev/.vim/plugged/syntastic/plugin/syntastic/registry.vim
190.718  000.057  000.057: sourcing /Users/dmotylev/.vim/plugged/syntastic/plugin/syntastic/signs.vim
192.470  000.828  000.828: sourcing /Users/dmotylev/.vim/plugged/syntastic/autoload/syntastic/util.vim
207.878  000.083  000.083: sourcing /Users/dmotylev/.vim/plugged/syntastic/plugin/syntastic/autoloclist.vim
208.012  000.089  000.089: sourcing /Users/dmotylev/.vim/plugged/syntastic/plugin/syntastic/balloons.vim
208.671  000.619  000.619: sourcing /Users/dmotylev/.vim/plugged/syntastic/plugin/syntastic/checker.vim
208.972  000.216  000.216: sourcing /Users/dmotylev/.vim/plugged/syntastic/plugin/syntastic/cursor.vim
209.178  000.134  000.134: sourcing /Users/dmotylev/.vim/plugged/syntastic/plugin/syntastic/highlighting.vim
210.564  001.338  001.338: sourcing /Users/dmotylev/.vim/plugged/syntastic/plugin/syntastic/loclist.vim
210.881  000.257  000.257: sourcing /Users/dmotylev/.vim/plugged/syntastic/plugin/syntastic/modemap.vim
211.086  000.163  000.163: sourcing /Users/dmotylev/.vim/plugged/syntastic/plugin/syntastic/notifiers.vim
212.080  000.952  000.952: sourcing /Users/dmotylev/.vim/plugged/syntastic/plugin/syntastic/registry.vim
212.721  000.583  000.583: sourcing /Users/dmotylev/.vim/plugged/syntastic/plugin/syntastic/signs.vim
214.660  023.735  018.473: sourcing /Users/dmotylev/.vim/plugged/syntastic/plugin/syntastic.vim
215.884  000.625  000.625: sourcing /Users/dmotylev/.vim/plugged/vim-autoformat/plugin/autoformat.vim
216.683  000.597  000.597: sourcing /Users/dmotylev/.vim/plugged/vim-autoformat/plugin/defaults.vim
217.473  000.155  000.155: sourcing /Users/dmotylev/.vim/plugged/tmuxline.vim/plugin/tmuxline.vim
218.321  000.407  000.407: sourcing /Users/dmotylev/.vim/plugged/vim-tmux-focus-events/plugin/tmux_focus_events.vim
219.286  000.128  000.128: sourcing /usr/local/Cellar/macvim/HEAD/MacVim.app/Contents/Resources/vim/runtime/plugin/getscriptPlugin.vim
219.957  000.442  000.442: sourcing /usr/local/Cellar/macvim/HEAD/MacVim.app/Contents/Resources/vim/runtime/plugin/gzip.vim
220.827  000.680  000.680: sourcing /usr/local/Cellar/macvim/HEAD/MacVim.app/Contents/Resources/vim/runtime/plugin/logiPat.vim
221.487  000.469  000.469: sourcing /usr/local/Cellar/macvim/HEAD/MacVim.app/Contents/Resources/vim/runtime/plugin/matchparen.vim
222.673  001.001  001.001: sourcing /usr/local/Cellar/macvim/HEAD/MacVim.app/Contents/Resources/vim/runtime/plugin/netrwPlugin.vim
223.006  000.129  000.129: sourcing /usr/local/Cellar/macvim/HEAD/MacVim.app/Contents/Resources/vim/runtime/plugin/rrhelper.vim
223.289  000.082  000.082: sourcing /usr/local/Cellar/macvim/HEAD/MacVim.app/Contents/Resources/vim/runtime/plugin/spellfile.vim
223.739  000.256  000.256: sourcing /usr/local/Cellar/macvim/HEAD/MacVim.app/Contents/Resources/vim/runtime/plugin/tarPlugin.vim
224.258  000.325  000.325: sourcing /usr/local/Cellar/macvim/HEAD/MacVim.app/Contents/Resources/vim/runtime/plugin/tohtml.vim
224.676  000.227  000.227: sourcing /usr/local/Cellar/macvim/HEAD/MacVim.app/Contents/Resources/vim/runtime/plugin/vimballPlugin.vim
225.178  000.299  000.299: sourcing /usr/local/Cellar/macvim/HEAD/MacVim.app/Contents/Resources/vim/runtime/plugin/zipPlugin.vim
225.866  000.213  000.213: sourcing /Users/dmotylev/.vim/plugged/ultisnips/after/plugin/UltiSnips_after.vim
225.922  015.167: loading plugins
225.931  000.009: inits 3
229.526  003.595: reading viminfo
229.565  000.039: setting raw mode
229.575  000.010: start termcap
229.634  000.059: clearing screen
231.452  001.194  001.194: sourcing /Users/dmotylev/.vim/plugged/lightline.vim/autoload/lightline.vim
232.427  000.140  000.140: sourcing /Users/dmotylev/.vim/plugged/lightline.vim/autoload/lightline/tab.vim
233.916  000.496  000.496: sourcing /Users/dmotylev/.vim/plugged/lightline.vim/autoload/lightline/colorscheme.vim
234.802  001.902  001.406: sourcing /Users/dmotylev/.vim/plugged/lightline.vim/autoload/lightline/colorscheme/wombat.vim
239.260  006.390: opening buffers
240.367  000.562  000.562: sourcing /Users/dmotylev/.vim/plugged/syntastic/autoload/syntastic/log.vim
241.329  001.507: BufEnter autocommands
241.337  000.008: editing files in windows
294.805  052.967  052.967: sourcing /Users/dmotylev/.vim/plugged/YouCompleteMe/autoload/youcompleteme.vim
684.426  390.122: VimEnter autocommands
684.443  000.017: before starting main loop
694.320  009.877: first screen update
694.325  000.005: --- VIM STARTED ---


times in msec
 clock   self+sourced   self:  sourced script
 clock   elapsed:              other lines

000.008  000.008: --- VIM STARTING ---
001.252  001.244: Allocated generic buffers
001.423  000.171: locale set
001.665  000.242: GUI prepared
002.099  000.434: clipboard setup
002.122  000.023: window checked
006.753  004.631: inits 1
006.935  000.182: parsing arguments
012.103  005.168: expanding arguments
017.568  005.465: shell init
020.568  003.000: Termcap init
020.627  000.059: inits 2
025.563  004.936: init highlight
026.086  000.168  000.168: sourcing $VIM/vimrc
027.980  000.304  000.304: sourcing /usr/local/Cellar/macvim/HEAD/MacVim.app/Contents/Resources/vim/runtime/ftoff.vim
032.579  004.251  004.251: sourcing /Users/dmotylev/.vim/autoload/plug.vim
037.959  000.029  000.029: sourcing /usr/local/Cellar/macvim/HEAD/MacVim.app/Contents/Resources/vim/runtime/ftoff.vim
047.325  000.203  000.203: sourcing /Users/dmotylev/.vim/filetype.vim
072.841  000.101  000.101: sourcing /Users/dmotylev/.vim/plugged/ultisnips/ftdetect/snippets.vim
073.205  000.119  000.119: sourcing /Users/dmotylev/.vim/plugged/ultisnips/ftdetect/UltiSnips.vim
074.167  000.237  000.237: sourcing /Users/dmotylev/.vim/plugged/vim-go/ftdetect/gofiletype.vim
075.063  000.075  000.075: sourcing /Users/dmotylev/.vim/plugged/scss-syntax.vim/ftdetect/scss.vim
075.703  000.210  000.210: sourcing /Users/dmotylev/.vim/plugged/vim-ansible-yaml/ftdetect/ansible.vim
076.556  000.059  000.059: sourcing /Users/dmotylev/.vim/plugged/vim-less/ftdetect/less.vim
077.668  000.273  000.273: sourcing /Users/dmotylev/.vim/plugged/Vim-Jinja2-Syntax/ftdetect/jinja.vim
078.183  000.064  000.064: sourcing /Users/dmotylev/.vim/plugged/vim-tmux/ftdetect/tmux.vim
079.065  000.195  000.195: sourcing /Users/dmotylev/.vim/plugged/todo.txt-vim/ftdetect/todo.vim
079.849  031.335  030.002: sourcing /usr/local/Cellar/macvim/HEAD/MacVim.app/Contents/Resources/vim/runtime/filetype.vim
080.659  000.077  000.077: sourcing /usr/local/Cellar/macvim/HEAD/MacVim.app/Contents/Resources/vim/runtime/ftplugin.vim
081.424  000.062  000.062: sourcing /usr/local/Cellar/macvim/HEAD/MacVim.app/Contents/Resources/vim/runtime/indent.vim
084.629  000.398  000.398: sourcing /usr/local/Cellar/macvim/HEAD/MacVim.app/Contents/Resources/vim/runtime/syntax/syncolor.vim
085.171  001.435  001.037: sourcing /usr/local/Cellar/macvim/HEAD/MacVim.app/Contents/Resources/vim/runtime/syntax/synload.vim
085.222  003.355  001.920: sourcing /usr/local/Cellar/macvim/HEAD/MacVim.app/Contents/Resources/vim/runtime/syntax/syntax.vim
086.203  000.254  000.254: sourcing /usr/local/Cellar/macvim/HEAD/MacVim.app/Contents/Resources/vim/runtime/syntax/nosyntax.vim
087.541  000.494  000.494: sourcing /usr/local/Cellar/macvim/HEAD/MacVim.app/Contents/Resources/vim/runtime/syntax/syncolor.vim
087.896  001.124  000.630: sourcing /usr/local/Cellar/macvim/HEAD/MacVim.app/Contents/Resources/vim/runtime/syntax/synload.vim
088.002  002.461  001.083: sourcing /usr/local/Cellar/macvim/HEAD/MacVim.app/Contents/Resources/vim/runtime/syntax/syntax.vim
089.256  001.026  001.026: sourcing /Users/dmotylev/.vim/filetype.vim
089.828  000.044  000.044: sourcing /usr/local/Cellar/macvim/HEAD/MacVim.app/Contents/Resources/vim/runtime/filetype.vim
090.294  000.030  000.030: sourcing /usr/local/Cellar/macvim/HEAD/MacVim.app/Contents/Resources/vim/runtime/ftplugin.vim
090.745  000.027  000.027: sourcing /usr/local/Cellar/macvim/HEAD/MacVim.app/Contents/Resources/vim/runtime/indent.vim
093.452  000.388  000.388: sourcing /usr/local/Cellar/macvim/HEAD/MacVim.app/Contents/Resources/vim/runtime/syntax/syncolor.vim
114.793  000.345  000.345: sourcing /usr/local/Cellar/macvim/HEAD/MacVim.app/Contents/Resources/vim/runtime/syntax/syncolor.vim
115.468  000.298  000.298: sourcing /usr/local/Cellar/macvim/HEAD/MacVim.app/Contents/Resources/vim/runtime/syntax/syncolor.vim
148.456  056.077  055.046: sourcing /Users/dmotylev/.vim/plugged/jellybeans.vim/colors/jellybeans.vim
149.237  122.582  023.301: sourcing $HOME/.vimrc
149.257  000.944: sourcing vimrc file(s)
150.358  000.225  000.225: sourcing /Users/dmotylev/.vim/plugged/vim-obsession/plugin/obsession.vim
151.780  000.153  000.153: sourcing /Users/dmotylev/.vim/plugged/ultisnips/autoload/UltiSnips/map_keys.vim
151.905  000.830  000.677: sourcing /Users/dmotylev/.vim/plugged/ultisnips/plugin/UltiSnips.vim
152.578  000.240  000.240: sourcing /Users/dmotylev/.vim/plugged/vim-go/plugin/go.vim
154.026  000.693  000.693: sourcing /Users/dmotylev/.vim/plugged/YouCompleteMe/plugin/youcompleteme.vim
155.515  000.323  000.323: sourcing /Users/dmotylev/.vim/plugged/ctrlp.vim/autoload/ctrlp/mrufiles.vim
155.729  000.972  000.649: sourcing /Users/dmotylev/.vim/plugged/ctrlp.vim/plugin/ctrlp.vim
157.771  000.436  000.436: sourcing /Users/dmotylev/.vim/plugged/nerdtree/autoload/nerdtree.vim
160.930  001.259  001.259: sourcing /Users/dmotylev/.vim/plugged/nerdtree/lib/nerdtree/path.vim
161.597  000.363  000.363: sourcing /Users/dmotylev/.vim/plugged/nerdtree/lib/nerdtree/menu_controller.vim
162.018  000.141  000.141: sourcing /Users/dmotylev/.vim/plugged/nerdtree/lib/nerdtree/menu_item.vim
162.617  000.333  000.333: sourcing /Users/dmotylev/.vim/plugged/nerdtree/lib/nerdtree/key_map.vim
163.387  000.492  000.492: sourcing /Users/dmotylev/.vim/plugged/nerdtree/lib/nerdtree/bookmark.vim
164.285  000.623  000.623: sourcing /Users/dmotylev/.vim/plugged/nerdtree/lib/nerdtree/tree_file_node.vim
165.318  000.756  000.756: sourcing /Users/dmotylev/.vim/plugged/nerdtree/lib/nerdtree/tree_dir_node.vim
166.072  000.479  000.479: sourcing /Users/dmotylev/.vim/plugged/nerdtree/lib/nerdtree/opener.vim
166.841  000.505  000.505: sourcing /Users/dmotylev/.vim/plugged/nerdtree/lib/nerdtree/creator.vim
167.201  000.101  000.101: sourcing /Users/dmotylev/.vim/plugged/nerdtree/lib/nerdtree/flag_set.vim
167.684  000.176  000.176: sourcing /Users/dmotylev/.vim/plugged/nerdtree/lib/nerdtree/nerdtree.vim
168.584  000.642  000.642: sourcing /Users/dmotylev/.vim/plugged/nerdtree/lib/nerdtree/ui.vim
168.901  000.059  000.059: sourcing /Users/dmotylev/.vim/plugged/nerdtree/lib/nerdtree/event.vim
169.250  000.094  000.094: sourcing /Users/dmotylev/.vim/plugged/nerdtree/lib/nerdtree/notifier.vim
170.495  000.882  000.882: sourcing /Users/dmotylev/.vim/plugged/nerdtree/autoload/nerdtree/ui_glue.vim
192.225  000.442  000.442: sourcing /Users/dmotylev/.vim/plugged/nerdtree/nerdtree_plugin/exec_menuitem.vim
194.391  001.673  001.673: sourcing /Users/dmotylev/.vim/plugged/nerdtree/nerdtree_plugin/fs_menu.vim
195.665  039.211  029.755: sourcing /Users/dmotylev/.vim/plugged/nerdtree/plugin/NERD_tree.vim
200.678  003.593  003.593: sourcing /Users/dmotylev/.vim/plugged/emmet-vim/plugin/emmet.vim
202.000  000.330  000.330: sourcing /Users/dmotylev/.vim/plugged/lightline.vim/plugin/lightline.vim
210.080  007.366  007.366: sourcing /Users/dmotylev/.vim/plugged/vim-fugitive/plugin/fugitive.vim
211.142  000.525  000.525: sourcing /Users/dmotylev/.vim/plugged/vim-signify/plugin/signify.vim
213.394  001.682  001.682: sourcing /Users/dmotylev/.vim/plugged/tagbar/plugin/tagbar.vim
215.427  000.103  000.103: sourcing /Users/dmotylev/.vim/plugged/syntastic/plugin/syntastic/autoloclist.vim
215.732  000.060  000.060: sourcing /Users/dmotylev/.vim/plugged/syntastic/plugin/syntastic/balloons.vim
215.972  000.051  000.051: sourcing /Users/dmotylev/.vim/plugged/syntastic/plugin/syntastic/checker.vim
216.380  000.065  000.065: sourcing /Users/dmotylev/.vim/plugged/syntastic/plugin/syntastic/cursor.vim
216.646  000.054  000.054: sourcing /Users/dmotylev/.vim/plugged/syntastic/plugin/syntastic/highlighting.vim
216.865  000.059  000.059: sourcing /Users/dmotylev/.vim/plugged/syntastic/plugin/syntastic/loclist.vim
217.112  000.054  000.054: sourcing /Users/dmotylev/.vim/plugged/syntastic/plugin/syntastic/modemap.vim
217.351  000.056  000.056: sourcing /Users/dmotylev/.vim/plugged/syntastic/plugin/syntastic/notifiers.vim
217.591  000.055  000.055: sourcing /Users/dmotylev/.vim/plugged/syntastic/plugin/syntastic/registry.vim
217.829  000.056  000.056: sourcing /Users/dmotylev/.vim/plugged/syntastic/plugin/syntastic/signs.vim
219.653  000.883  000.883: sourcing /Users/dmotylev/.vim/plugged/syntastic/autoload/syntastic/util.vim
233.004  000.088  000.088: sourcing /Users/dmotylev/.vim/plugged/syntastic/plugin/syntastic/autoloclist.vim
233.148  000.097  000.097: sourcing /Users/dmotylev/.vim/plugged/syntastic/plugin/syntastic/balloons.vim
233.638  000.447  000.447: sourcing /Users/dmotylev/.vim/plugged/syntastic/plugin/syntastic/checker.vim
233.850  000.153  000.153: sourcing /Users/dmotylev/.vim/plugged/syntastic/plugin/syntastic/cursor.vim
234.021  000.127  000.127: sourcing /Users/dmotylev/.vim/plugged/syntastic/plugin/syntastic/highlighting.vim
235.336  001.271  001.271: sourcing /Users/dmotylev/.vim/plugged/syntastic/plugin/syntastic/loclist.vim
235.647  000.260  000.260: sourcing /Users/dmotylev/.vim/plugged/syntastic/plugin/syntastic/modemap.vim
235.844  000.156  000.156: sourcing /Users/dmotylev/.vim/plugged/syntastic/plugin/syntastic/notifiers.vim
236.663  000.778  000.778: sourcing /Users/dmotylev/.vim/plugged/syntastic/plugin/syntastic/registry.vim
237.126  000.417  000.417: sourcing /Users/dmotylev/.vim/plugged/syntastic/plugin/syntastic/signs.vim
240.221  022.187  017.510: sourcing /Users/dmotylev/.vim/plugged/syntastic/plugin/syntastic.vim
241.476  000.633  000.633: sourcing /Users/dmotylev/.vim/plugged/vim-autoformat/plugin/autoformat.vim
242.381  000.701  000.701: sourcing /Users/dmotylev/.vim/plugged/vim-autoformat/plugin/defaults.vim
243.083  000.139  000.139: sourcing /Users/dmotylev/.vim/plugged/tmuxline.vim/plugin/tmuxline.vim
243.922  000.411  000.411: sourcing /Users/dmotylev/.vim/plugged/vim-tmux-focus-events/plugin/tmux_focus_events.vim
244.979  000.143  000.143: sourcing /usr/local/Cellar/macvim/HEAD/MacVim.app/Contents/Resources/vim/runtime/plugin/getscriptPlugin.vim
245.706  000.455  000.455: sourcing /usr/local/Cellar/macvim/HEAD/MacVim.app/Contents/Resources/vim/runtime/plugin/gzip.vim
246.542  000.637  000.637: sourcing /usr/local/Cellar/macvim/HEAD/MacVim.app/Contents/Resources/vim/runtime/plugin/logiPat.vim
247.225  000.489  000.489: sourcing /usr/local/Cellar/macvim/HEAD/MacVim.app/Contents/Resources/vim/runtime/plugin/matchparen.vim
248.591  001.119  001.119: sourcing /usr/local/Cellar/macvim/HEAD/MacVim.app/Contents/Resources/vim/runtime/plugin/netrwPlugin.vim
249.095  000.151  000.151: sourcing /usr/local/Cellar/macvim/HEAD/MacVim.app/Contents/Resources/vim/runtime/plugin/rrhelper.vim
249.358  000.081  000.081: sourcing /usr/local/Cellar/macvim/HEAD/MacVim.app/Contents/Resources/vim/runtime/plugin/spellfile.vim
249.951  000.320  000.320: sourcing /usr/local/Cellar/macvim/HEAD/MacVim.app/Contents/Resources/vim/runtime/plugin/tarPlugin.vim
250.483  000.306  000.306: sourcing /usr/local/Cellar/macvim/HEAD/MacVim.app/Contents/Resources/vim/runtime/plugin/tohtml.vim
250.916  000.230  000.230: sourcing /usr/local/Cellar/macvim/HEAD/MacVim.app/Contents/Resources/vim/runtime/plugin/vimballPlugin.vim
251.439  000.309  000.309: sourcing /usr/local/Cellar/macvim/HEAD/MacVim.app/Contents/Resources/vim/runtime/plugin/zipPlugin.vim
252.226  000.215  000.215: sourcing /Users/dmotylev/.vim/plugged/ultisnips/after/plugin/UltiSnips_after.vim
252.288  018.225: loading plugins
252.299  000.011: inits 3
256.220  003.921: reading viminfo
256.260  000.040: setting raw mode
256.274  000.014: start termcap
256.359  000.085: clearing screen
261.979  001.248  001.248: sourcing /usr/local/Cellar/macvim/HEAD/MacVim.app/Contents/Resources/vim/runtime/scripts.vim
424.085  161.447  161.447: sourcing /Users/dmotylev/.vim/plugged/ultisnips/autoload/UltiSnips.vim
426.190  000.141  000.141: sourcing /usr/local/Cellar/macvim/HEAD/MacVim.app/Contents/Resources/vim/runtime/ftplugin/text.vim
432.818  000.970  000.970: sourcing /Users/dmotylev/.vim/plugged/lightline.vim/autoload/lightline.vim
433.781  000.128  000.128: sourcing /Users/dmotylev/.vim/plugged/lightline.vim/autoload/lightline/tab.vim
435.849  000.600  000.600: sourcing /Users/dmotylev/.vim/plugged/lightline.vim/autoload/lightline/colorscheme.vim
436.725  002.043  001.443: sourcing /Users/dmotylev/.vim/plugged/lightline.vim/autoload/lightline/colorscheme/wombat.vim
443.700  000.719  000.719: sourcing /Users/dmotylev/.vim/plugged/todo.txt-vim/ftplugin/todo.vim
445.799  000.499  000.499: sourcing /Users/dmotylev/.vim/plugged/todo.txt-vim/syntax/todo.vim
451.238  000.274  000.274: sourcing /Users/dmotylev/.vim/plugged/vim-signify/autoload/sy.vim
451.932  000.156  000.156: sourcing /Users/dmotylev/.vim/plugged/vim-signify/autoload/sy/util.vim
460.554  008.181  008.181: sourcing /Users/dmotylev/.vim/plugged/vim-signify/autoload/sy/repo.vim
932.854  001.221  001.221: sourcing /Users/dmotylev/.vim/plugged/syntastic/autoload/syntastic/log.vim
939.959  506.573: opening buffers
940.939  000.398  000.398: sourcing /Users/dmotylev/.vim/plugged/ctrlp.vim/autoload/ctrlp/utils.vim
943.011  002.654: BufEnter autocommands
943.019  000.008: editing files in windows
945.178  001.658  001.658: sourcing /Users/dmotylev/.vim/plugged/YouCompleteMe/autoload/youcompleteme.vim
1330.611  386.934: VimEnter autocommands
1330.627  000.016: before starting main loop
1340.945  010.318: first screen update
1340.950  000.005: --- VIM STARTED ---
